<?xml version="1.0" encoding="UTF-8"?>
<!-- Generated by org.testng.reporters.JUnitXMLReporter -->
<testsuite ignored="0" hostname="DESKTOP-ADVCTHG" failures="0" tests="3" name="Test-2" time="56.133" errors="0" timestamp="27 Feb 2025 12:16:52 GMT">
  <testcase classname="Com.ComCast.CRM.ContactTest.CreateContactTest" name="createContact" time="8.662"/>
  <testcase classname="Com.ComCast.CRM.ContactTest.CreateContactTest" name="createContactWithOrgTest" time="23.665"/>
  <testcase classname="Com.ComCast.CRM.ContactTest.CreateContactTest" name="createContactWithSupportStartDateAndEndDateTest" time="7.27"/>
</testsuite> <!-- Test-2 -->
