<?xml version="1.0" encoding="UTF-8"?>
<!-- Generated by org.testng.reporters.JUnitReportReporter -->
<testsuite hostname="DESKTOP-ADVCTHG" failures="0" tests="3" name="Com.ComCast.CRM.ContactTest.CreateContactTest" time="41.016" errors="0" timestamp="28 Feb 2025 10:18:19 GMT" skipped="0">
  <testcase classname="Com.ComCast.CRM.ContactTest.CreateContactTest" name="createContactWithSupportStartDateAndEndDateTest" time="10.833"/>
  <testcase classname="Com.ComCast.CRM.ContactTest.CreateContactTest" name="createContactWithOrgTest" time="19.430"/>
  <testcase classname="Com.ComCast.CRM.ContactTest.CreateContactTest" name="createContact" time="10.753"/>
</testsuite> <!-- Com.ComCast.CRM.ContactTest.CreateContactTest -->
