<?xml version="1.0" encoding="UTF-8"?>
<!-- Generated by org.testng.reporters.JUnitReportReporter -->
<testsuite hostname="DESKTOP-ADVCTHG" failures="0" tests="1" name="practice_testcases.InvoiceTest" time="4.970" errors="0" timestamp="04 Mar 2025 07:23:59 GMT" skipped="0">
  <testcase classname="practice_testcases.InvoiceTest" name="createInvoice" time="4.970"/>
</testsuite> <!-- practice_testcases.InvoiceTest -->
