<?xml version="1.0" encoding="UTF-8"?>
<!-- Generated by org.testng.reporters.JUnitReportReporter -->
<testsuite hostname="DESKTOP-ADVCTHG" failures="0" tests="1" name="Com.ComCast.CRM.ProductTest.CreateProductTest" time="18.047" errors="0" timestamp="29 Mar 2025 15:06:56 GMT" skipped="0">
  <testcase classname="Com.ComCast.CRM.ProductTest.CreateProductTest" name="createProduct" time="18.047"/>
</testsuite> <!-- Com.ComCast.CRM.ProductTest.CreateProductTest -->
