<?xml version="1.0" encoding="UTF-8"?>
<!-- Generated by org.testng.reporters.JUnitReportReporter -->
<testsuite hostname="DESKTOP-ADVCTHG" failures="0" tests="1" name="Com.ComCast.CRM.OrgnizationTest.CreateOrgTest" time="10.533" errors="0" timestamp="13 Mar 2025 10:47:04 GMT" skipped="0">
  <testcase classname="Com.ComCast.CRM.OrgnizationTest.CreateOrgTest" name="createOrg" time="10.533"/>
</testsuite> <!-- Com.ComCast.CRM.OrgnizationTest.CreateOrgTest -->
