<?xml version="1.0" encoding="UTF-8"?>
<!-- Generated by org.testng.reporters.JUnitReportReporter -->
<testsuite hostname="DESKTOP-ADVCTHG" failures="0" tests="3" name="Practice_DataProvider.GetProductInfo_Test" time="104.404" errors="0" timestamp="25 Feb 2025 09:13:33 GMT" skipped="0">
  <testcase classname="Practice_DataProvider.GetProductInfo_Test" name="getProductInfoTest" time="35.262"/>
  <testcase classname="Practice_DataProvider.GetProductInfo_Test" name="getProductInfoTest" time="34.590"/>
  <testcase classname="Practice_DataProvider.GetProductInfo_Test" name="getProductInfoTest" time="34.552"/>
</testsuite> <!-- Practice_DataProvider.GetProductInfo_Test -->
