<?xml version="1.0" encoding="UTF-8"?>
<!-- Generated by org.testng.reporters.JUnitReportReporter -->
<testsuite hostname="DESKTOP-ADVCTHG" failures="0" tests="3" name="Com.ComCast.CRM.OrgnizationTest.CreateOrgTest" time="55.898" errors="0" timestamp="29 Mar 2025 08:47:19 GMT" skipped="0">
  <testcase classname="Com.ComCast.CRM.OrgnizationTest.CreateOrgTest" name="createOrgnizationWithPhoneNumberTest" time="17.495"/>
  <testcase classname="Com.ComCast.CRM.OrgnizationTest.CreateOrgTest" name="createOrg" time="16.569"/>
  <testcase classname="Com.ComCast.CRM.OrgnizationTest.CreateOrgTest" name="createOrganizationWithIndustriesTest" time="21.834"/>
</testsuite> <!-- Com.ComCast.CRM.OrgnizationTest.CreateOrgTest -->
