<?xml version="1.0" encoding="UTF-8"?>
<!-- Generated by org.testng.reporters.JUnitReportReporter -->
<testsuite hostname="DESKTOP-ADVCTHG" failures="0" tests="1" name="Com.ComCast.CRM.ContactTest.CreateContactTest" time="10.089" errors="0" timestamp="27 Mar 2025 11:52:26 GMT" skipped="0">
  <testcase classname="Com.ComCast.CRM.ContactTest.CreateContactTest" name="createContact" time="10.089"/>
</testsuite> <!-- Com.ComCast.CRM.ContactTest.CreateContactTest -->
